[debug] [2025-09-03T22:42:05.486Z] ----------------------------------------------------------------------
[debug] [2025-09-03T22:42:05.492Z] Command:       C:\Program Files\nodejs\node.exe C:\Users\henri\AppData\Roaming\npm\node_modules\firebase-tools\lib\bin\firebase.js deploy --only functions
[debug] [2025-09-03T22:42:05.493Z] CLI Version:   14.12.0
[debug] [2025-09-03T22:42:05.493Z] Platform:      win32
[debug] [2025-09-03T22:42:05.493Z] Node Version:  v20.11.1
[debug] [2025-09-03T22:42:05.494Z] Time:          Wed Sep 03 2025 22:42:05 GMT+0000 (Hora de verão dos Açores)
[debug] [2025-09-03T22:42:05.494Z] ----------------------------------------------------------------------
[debug] 
[debug] [2025-09-03T22:42:05.888Z] > command requires scopes: ["email","openid","https://www.googleapis.com/auth/cloudplatformprojects.readonly","https://www.googleapis.com/auth/firebase","https://www.googleapis.com/auth/cloud-platform"]
[debug] [2025-09-03T22:42:05.890Z] > authorizing via signed-in user (henriqueoliveira2010@hotmail.com)
[debug] [2025-09-03T22:42:05.890Z] [iam] checking project shadow-mma for permissions ["cloudfunctions.functions.create","cloudfunctions.functions.delete","cloudfunctions.functions.get","cloudfunctions.functions.list","cloudfunctions.functions.update","cloudfunctions.operations.get","firebase.projects.get"]
[debug] [2025-09-03T22:42:05.891Z] Checked if tokens are valid: true, expires at: 1756942781542
[debug] [2025-09-03T22:42:05.892Z] Checked if tokens are valid: true, expires at: 1756942781542
[debug] [2025-09-03T22:42:05.893Z] >>> [apiv2][query] POST https://cloudresourcemanager.googleapis.com/v1/projects/shadow-mma:testIamPermissions [none]
[debug] [2025-09-03T22:42:05.893Z] >>> [apiv2][(partial)header] POST https://cloudresourcemanager.googleapis.com/v1/projects/shadow-mma:testIamPermissions x-goog-quota-user=projects/shadow-mma
[debug] [2025-09-03T22:42:05.893Z] >>> [apiv2][body] POST https://cloudresourcemanager.googleapis.com/v1/projects/shadow-mma:testIamPermissions {"permissions":["cloudfunctions.functions.create","cloudfunctions.functions.delete","cloudfunctions.functions.get","cloudfunctions.functions.list","cloudfunctions.functions.update","cloudfunctions.operations.get","firebase.projects.get"]}
[debug] [2025-09-03T22:42:06.798Z] <<< [apiv2][status] POST https://cloudresourcemanager.googleapis.com/v1/projects/shadow-mma:testIamPermissions 200
[debug] [2025-09-03T22:42:06.798Z] <<< [apiv2][body] POST https://cloudresourcemanager.googleapis.com/v1/projects/shadow-mma:testIamPermissions {"permissions":["cloudfunctions.functions.create","cloudfunctions.functions.delete","cloudfunctions.functions.get","cloudfunctions.functions.list","cloudfunctions.functions.update","cloudfunctions.operations.get","firebase.projects.get"]}
[debug] [2025-09-03T22:42:06.798Z] Checked if tokens are valid: true, expires at: 1756942781542
[debug] [2025-09-03T22:42:06.798Z] Checked if tokens are valid: true, expires at: 1756942781542
[debug] [2025-09-03T22:42:06.798Z] >>> [apiv2][query] POST https://iam.googleapis.com/v1/projects/shadow-mma/serviceAccounts/shadow-mma@appspot.gserviceaccount.com:testIamPermissions [none]
[debug] [2025-09-03T22:42:06.799Z] >>> [apiv2][body] POST https://iam.googleapis.com/v1/projects/shadow-mma/serviceAccounts/shadow-mma@appspot.gserviceaccount.com:testIamPermissions {"permissions":["iam.serviceAccounts.actAs"]}
[debug] [2025-09-03T22:42:07.551Z] <<< [apiv2][status] POST https://iam.googleapis.com/v1/projects/shadow-mma/serviceAccounts/shadow-mma@appspot.gserviceaccount.com:testIamPermissions 200
[debug] [2025-09-03T22:42:07.552Z] <<< [apiv2][body] POST https://iam.googleapis.com/v1/projects/shadow-mma/serviceAccounts/shadow-mma@appspot.gserviceaccount.com:testIamPermissions {"permissions":["iam.serviceAccounts.actAs"]}
[info] 
[info] === Deploying to 'shadow-mma'...
[info] 
[info] i  deploying functions 
[info] Running command: npm --prefix "$RESOURCE_DIR" run build
[info] +  functions: Finished running predeploy script. 
[debug] [2025-09-03T22:42:19.539Z] Checked if tokens are valid: true, expires at: 1756942781542
[debug] [2025-09-03T22:42:19.539Z] Checked if tokens are valid: true, expires at: 1756942781542
[debug] [2025-09-03T22:42:19.539Z] >>> [apiv2][query] GET https://cloudresourcemanager.googleapis.com/v1/projects/shadow-mma [none]
[debug] [2025-09-03T22:42:20.322Z] <<< [apiv2][status] GET https://cloudresourcemanager.googleapis.com/v1/projects/shadow-mma 200
[debug] [2025-09-03T22:42:20.322Z] <<< [apiv2][body] GET https://cloudresourcemanager.googleapis.com/v1/projects/shadow-mma {"projectNumber":"346044500443","projectId":"shadow-mma","lifecycleState":"ACTIVE","name":"Shadow MMA","labels":{"firebase":"enabled","firebase-core":"disabled"},"createTime":"2025-07-24T21:56:40.672125Z"}
[info] i  functions: preparing codebase default for deployment 
[info] i  functions: ensuring required API cloudfunctions.googleapis.com is enabled... 
[info] i  functions: ensuring required API cloudbuild.googleapis.com is enabled... 
[info] i  artifactregistry: ensuring required API artifactregistry.googleapis.com is enabled... 
[debug] [2025-09-03T22:42:20.332Z] Checked if tokens are valid: true, expires at: 1756942781542
[debug] [2025-09-03T22:42:20.332Z] Checked if tokens are valid: true, expires at: 1756942781542
[debug] [2025-09-03T22:42:20.332Z] >>> [apiv2][query] GET https://firebase.googleapis.com/v1beta1/projects/shadow-mma/adminSdkConfig [none]
[debug] [2025-09-03T22:42:20.727Z] <<< [apiv2][status] GET https://firebase.googleapis.com/v1beta1/projects/shadow-mma/adminSdkConfig 200
[debug] [2025-09-03T22:42:20.728Z] <<< [apiv2][body] GET https://firebase.googleapis.com/v1beta1/projects/shadow-mma/adminSdkConfig {"projectId":"shadow-mma","storageBucket":"shadow-mma.firebasestorage.app"}
[debug] [2025-09-03T22:42:20.728Z] Checked if tokens are valid: true, expires at: 1756942781542
[debug] [2025-09-03T22:42:20.728Z] Checked if tokens are valid: true, expires at: 1756942781542
[debug] [2025-09-03T22:42:20.728Z] >>> [apiv2][query] GET https://runtimeconfig.googleapis.com/v1beta1/projects/shadow-mma/configs [none]
[debug] [2025-09-03T22:42:21.147Z] <<< [apiv2][status] GET https://runtimeconfig.googleapis.com/v1beta1/projects/shadow-mma/configs 200
[debug] [2025-09-03T22:42:21.147Z] <<< [apiv2][body] GET https://runtimeconfig.googleapis.com/v1beta1/projects/shadow-mma/configs {}
[debug] [2025-09-03T22:42:21.149Z] Validating nodejs source
[debug] [2025-09-03T22:42:23.003Z] > [functions] package.json contents: {
  "name": "functions",
  "scripts": {
    "build": "tsc",
    "build:watch": "tsc --watch",
    "serve": "npm run build && firebase emulators:start --only functions",
    "shell": "npm run build && firebase functions:shell",
    "start": "npm run shell",
    "deploy": "firebase deploy --only functions",
    "logs": "firebase functions:log"
  },
  "engines": {
    "node": "22"
  },
  "main": "lib/index.js",
  "dependencies": {
    "firebase-admin": "^12.6.0",
    "firebase-functions": "^6.0.1"
  },
  "devDependencies": {
    "typescript": "^5.7.3",
    "firebase-functions-test": "^3.1.0"
  },
  "private": true
}
[debug] [2025-09-03T22:42:23.004Z] Building nodejs source
[info] i  functions: Loading and analyzing source code for codebase default to determine what to deploy 
[debug] [2025-09-03T22:42:23.005Z] Could not find functions.yaml. Must use http discovery
[debug] [2025-09-03T22:42:23.021Z] Found firebase-functions binary at 'C:\Users\henri\Desktop\Shadow MMA\ShadowMMA\functions\node_modules\.bin\firebase-functions'
[info] Serving at port 8029

[debug] [2025-09-03T22:42:24.157Z] Got response from /__/functions.yaml {"endpoints":{"getUserData":{"availableMemoryMb":null,"timeoutSeconds":null,"minInstances":null,"maxInstances":10,"ingressSettings":null,"concurrency":null,"serviceAccountEmail":null,"vpc":null,"platform":"gcfv2","labels":{},"httpsTrigger":{},"entryPoint":"getUserData"},"updateLastLogin":{"availableMemoryMb":null,"timeoutSeconds":null,"minInstances":null,"maxInstances":10,"ingressSettings":null,"concurrency":null,"serviceAccountEmail":null,"vpc":null,"platform":"gcfv2","labels":{},"httpsTrigger":{},"entryPoint":"updateLastLogin"},"restoreUserLivesDaily":{"availableMemoryMb":null,"timeoutSeconds":null,"minInstances":null,"maxInstances":10,"ingressSettings":null,"concurrency":null,"serviceAccountEmail":null,"vpc":null,"platform":"gcfv2","labels":{},"scheduleTrigger":{"schedule":"0 0 * * *","retryConfig":{},"timeZone":"UTC"},"entryPoint":"restoreUserLivesDaily"},"resetWeeklyMissionProgress":{"availableMemoryMb":null,"timeoutSeconds":null,"minInstances":null,"maxInstances":10,"ingressSettings":null,"concurrency":null,"serviceAccountEmail":null,"vpc":null,"platform":"gcfv2","labels":{},"scheduleTrigger":{"schedule":"0 0 * * 1","retryConfig":{},"timeZone":"UTC"},"entryPoint":"resetWeeklyMissionProgress"},"handleGameOver":{"availableMemoryMb":null,"timeoutSeconds":null,"minInstances":null,"maxInstances":10,"ingressSettings":null,"concurrency":null,"serviceAccountEmail":null,"vpc":null,"platform":"gcfv2","labels":{},"httpsTrigger":{},"entryPoint":"handleGameOver"},"startFight":{"availableMemoryMb":null,"timeoutSeconds":null,"minInstances":null,"maxInstances":10,"ingressSettings":null,"concurrency":null,"serviceAccountEmail":null,"vpc":null,"platform":"gcfv2","labels":{},"httpsTrigger":{},"entryPoint":"startFight"},"createUser":{"availableMemoryMb":null,"timeoutSeconds":null,"minInstances":null,"maxInstances":10,"ingressSettings":null,"concurrency":null,"serviceAccountEmail":null,"vpc":null,"platform":"gcfv2","labels":{},"httpsTrigger":{},"entryPoint":"createUser"},"getCombosMeta":{"availableMemoryMb":null,"timeoutSeconds":null,"minInstances":null,"maxInstances":10,"ingressSettings":null,"concurrency":null,"serviceAccountEmail":null,"vpc":null,"platform":"gcfv2","labels":{},"httpsTrigger":{},"entryPoint":"getCombosMeta"}},"specVersion":"v1alpha1","requiredAPIs":[{"api":"cloudscheduler.googleapis.com","reason":"Needed for scheduled functions."}],"extensions":{}}
[info] i  extensions: ensuring required API firebaseextensions.googleapis.com is enabled... 
[debug] [2025-09-03T22:42:29.193Z] > command requires scopes: ["email","openid","https://www.googleapis.com/auth/cloudplatformprojects.readonly","https://www.googleapis.com/auth/firebase","https://www.googleapis.com/auth/cloud-platform"]
[debug] [2025-09-03T22:42:29.193Z] > authorizing via signed-in user (henriqueoliveira2010@hotmail.com)
[debug] [2025-09-03T22:42:29.193Z] [iam] checking project shadow-mma for permissions ["firebase.projects.get","firebaseextensions.instances.list"]
[debug] [2025-09-03T22:42:29.194Z] Checked if tokens are valid: true, expires at: 1756942781542
[debug] [2025-09-03T22:42:29.194Z] Checked if tokens are valid: true, expires at: 1756942781542
[debug] [2025-09-03T22:42:29.194Z] >>> [apiv2][query] POST https://cloudresourcemanager.googleapis.com/v1/projects/shadow-mma:testIamPermissions [none]
[debug] [2025-09-03T22:42:29.194Z] >>> [apiv2][(partial)header] POST https://cloudresourcemanager.googleapis.com/v1/projects/shadow-mma:testIamPermissions x-goog-quota-user=projects/shadow-mma
[debug] [2025-09-03T22:42:29.194Z] >>> [apiv2][body] POST https://cloudresourcemanager.googleapis.com/v1/projects/shadow-mma:testIamPermissions {"permissions":["firebase.projects.get","firebaseextensions.instances.list"]}
[debug] [2025-09-03T22:42:29.933Z] <<< [apiv2][status] POST https://cloudresourcemanager.googleapis.com/v1/projects/shadow-mma:testIamPermissions 200
[debug] [2025-09-03T22:42:29.933Z] <<< [apiv2][body] POST https://cloudresourcemanager.googleapis.com/v1/projects/shadow-mma:testIamPermissions {"permissions":["firebase.projects.get","firebaseextensions.instances.list"]}
[debug] [2025-09-03T22:42:29.933Z] Checked if tokens are valid: true, expires at: 1756942781542
[debug] [2025-09-03T22:42:29.933Z] Checked if tokens are valid: true, expires at: 1756942781542
[debug] [2025-09-03T22:42:29.934Z] >>> [apiv2][query] GET https://firebaseextensions.googleapis.com/v1beta/projects/shadow-mma/instances pageSize=100&pageToken=
[debug] [2025-09-03T22:42:30.844Z] <<< [apiv2][status] GET https://firebaseextensions.googleapis.com/v1beta/projects/shadow-mma/instances 200
[debug] [2025-09-03T22:42:30.844Z] <<< [apiv2][body] GET https://firebaseextensions.googleapis.com/v1beta/projects/shadow-mma/instances {}
[info] i  functions: preparing functions directory for uploading... 
[info] i  functions: packaged C:\Users\henri\Desktop\Shadow MMA\ShadowMMA\functions (98.69 KB) for uploading 
[debug] [2025-09-03T22:42:30.898Z] Checked if tokens are valid: true, expires at: 1756942781542
[debug] [2025-09-03T22:42:30.898Z] Checked if tokens are valid: true, expires at: 1756942781542
[debug] [2025-09-03T22:42:30.898Z] >>> [apiv2][query] GET https://cloudfunctions.googleapis.com/v1/projects/shadow-mma/locations/-/functions [none]
[debug] [2025-09-03T22:42:31.671Z] <<< [apiv2][status] GET https://cloudfunctions.googleapis.com/v1/projects/shadow-mma/locations/-/functions 200
[debug] [2025-09-03T22:42:31.671Z] <<< [apiv2][body] GET https://cloudfunctions.googleapis.com/v1/projects/shadow-mma/locations/-/functions {}
[debug] [2025-09-03T22:42:31.672Z] Checked if tokens are valid: true, expires at: 1756942781542
[debug] [2025-09-03T22:42:31.672Z] Checked if tokens are valid: true, expires at: 1756942781542
[debug] [2025-09-03T22:42:31.672Z] >>> [apiv2][query] GET https://cloudfunctions.googleapis.com/v2/projects/shadow-mma/locations/-/functions filter=environment%3D%22GEN_2%22
[debug] [2025-09-03T22:42:32.643Z] <<< [apiv2][status] GET https://cloudfunctions.googleapis.com/v2/projects/shadow-mma/locations/-/functions 200
[debug] [2025-09-03T22:42:32.643Z] <<< [apiv2][body] GET https://cloudfunctions.googleapis.com/v2/projects/shadow-mma/locations/-/functions {"functions":[{"name":"projects/shadow-mma/locations/us-central1/functions/startFight","buildConfig":{"build":"projects/346044500443/locations/us-central1/builds/a9a93900-f91f-4821-ba84-a3e913a44640","runtime":"nodejs22","entryPoint":"startFight","source":{"storageSource":{"bucket":"gcf-v2-sources-346044500443-us-central1","object":"startFight/function-source.zip","generation":"1756816811555334"}},"environmentVariables":{"GOOGLE_NODE_RUN_SCRIPTS":""},"dockerRepository":"projects/shadow-mma/locations/us-central1/repositories/gcf-artifacts","sourceProvenance":{"resolvedStorageSource":{"bucket":"gcf-v2-sources-346044500443-us-central1","object":"startFight/function-source.zip","generation":"1756816811555334"}},"dockerRegistry":"ARTIFACT_REGISTRY","serviceAccount":"projects/shadow-mma/serviceAccounts/346044500443-compute@developer.gserviceaccount.com","automaticUpdatePolicy":{}},"serviceConfig":{"service":"projects/shadow-mma/locations/us-central1/services/startfight","timeoutSeconds":60,"environmentVariables":{"FIREBASE_CONFIG":"{\"projectId\":\"shadow-mma\",\"storageBucket\":\"shadow-mma.firebasestorage.app\"}","GCLOUD_PROJECT":"shadow-mma","EVENTARC_CLOUD_EVENT_SOURCE":"projects/shadow-mma/locations/us-central1/services/startFight","FUNCTION_TARGET":"startFight","LOG_EXECUTION_ID":"true","FUNCTION_SIGNATURE_TYPE":"http"},"maxInstanceCount":10,"ingressSettings":"ALLOW_ALL","uri":"https://startfight-c7qxyy2ypq-uc.a.run.app","serviceAccountEmail":"346044500443-compute@developer.gserviceaccount.com","availableMemory":"256Mi","allTrafficOnLatestRevision":true,"revision":"startfight-00054-jab","maxInstanceRequestConcurrency":80,"availableCpu":"1"},"state":"ACTIVE","updateTime":"2025-09-02T12:40:20.717129168Z","labels":{"deployment-tool":"cli-firebase","firebase-functions-hash":"c7347557b0a891fc749476bde9b1aa19c408d2d3"},"environment":"GEN_2","url":"https://us-central1-shadow-mma.cloudfunctions.net/startFight","createTime":"2025-08-09T12:18:19.193908399Z","satisfiesPzi":true},{"name":"projects/shadow-mma/locations/us-central1/functions/getCombosMeta","buildConfig":{"build":"projects/346044500443/locations/us-central1/builds/a9a93900-f91f-4821-ba84-a3e913a44640","runtime":"nodejs22","entryPoint":"getCombosMeta","source":{"storageSource":{"bucket":"gcf-v2-sources-346044500443-us-central1","object":"getCombosMeta/function-source.zip","generation":"1756816812062790"}},"environmentVariables":{"GOOGLE_NODE_RUN_SCRIPTS":""},"dockerRepository":"projects/shadow-mma/locations/us-central1/repositories/gcf-artifacts","sourceProvenance":{"resolvedStorageSource":{"bucket":"gcf-v2-sources-346044500443-us-central1","object":"getCombosMeta/function-source.zip","generation":"1756816812062790"}},"dockerRegistry":"ARTIFACT_REGISTRY","serviceAccount":"projects/shadow-mma/serviceAccounts/346044500443-compute@developer.gserviceaccount.com","automaticUpdatePolicy":{}},"serviceConfig":{"service":"projects/shadow-mma/locations/us-central1/services/getcombosmeta","timeoutSeconds":60,"environmentVariables":{"FIREBASE_CONFIG":"{\"projectId\":\"shadow-mma\",\"storageBucket\":\"shadow-mma.firebasestorage.app\"}","GCLOUD_PROJECT":"shadow-mma","EVENTARC_CLOUD_EVENT_SOURCE":"projects/shadow-mma/locations/us-central1/services/getCombosMeta","FUNCTION_TARGET":"getCombosMeta","LOG_EXECUTION_ID":"true","FUNCTION_SIGNATURE_TYPE":"http"},"maxInstanceCount":10,"ingressSettings":"ALLOW_ALL","uri":"https://getcombosmeta-c7qxyy2ypq-uc.a.run.app","serviceAccountEmail":"346044500443-compute@developer.gserviceaccount.com","availableMemory":"256Mi","allTrafficOnLatestRevision":true,"revision":"getcombosmeta-00039-baz","maxInstanceRequestConcurrency":80,"availableCpu":"1"},"state":"ACTIVE","updateTime":"2025-09-02T12:40:20.205807885Z","labels":{"deployment-tool":"cli-firebase","firebase-functions-hash":"c7347557b0a891fc749476bde9b1aa19c408d2d3"},"environment":"GEN_2","url":"https://us-central1-shadow-mma.cloudfunctions.net/getCombosMeta","createTime":"2025-08-18T17:21:58.682514993Z","satisfiesPzi":true},{"name":"projects/shadow-mma/locations/us-central1/functions/restoreUserLivesDaily","buildConfig":{"build":"projects/346044500443/locations/us-central1/builds/a9a93900-f91f-4821-ba84-a3e913a44640","runtime":"nodejs22","entryPoint":"restoreUserLivesDaily","source":{"storageSource":{"bucket":"gcf-v2-sources-346044500443-us-central1","object":"restoreUserLivesDaily/function-source.zip","generation":"1756816811582592"}},"environmentVariables":{"GOOGLE_NODE_RUN_SCRIPTS":""},"dockerRepository":"projects/shadow-mma/locations/us-central1/repositories/gcf-artifacts","sourceProvenance":{"resolvedStorageSource":{"bucket":"gcf-v2-sources-346044500443-us-central1","object":"restoreUserLivesDaily/function-source.zip","generation":"1756816811582592"}},"dockerRegistry":"ARTIFACT_REGISTRY","serviceAccount":"projects/shadow-mma/serviceAccounts/346044500443-compute@developer.gserviceaccount.com","automaticUpdatePolicy":{}},"serviceConfig":{"service":"projects/shadow-mma/locations/us-central1/services/restoreuserlivesdaily","timeoutSeconds":60,"environmentVariables":{"FIREBASE_CONFIG":"{\"projectId\":\"shadow-mma\",\"storageBucket\":\"shadow-mma.firebasestorage.app\"}","GCLOUD_PROJECT":"shadow-mma","EVENTARC_CLOUD_EVENT_SOURCE":"projects/shadow-mma/locations/us-central1/services/restoreUserLivesDaily","FUNCTION_TARGET":"restoreUserLivesDaily","LOG_EXECUTION_ID":"true","FUNCTION_SIGNATURE_TYPE":"http"},"maxInstanceCount":10,"ingressSettings":"ALLOW_ALL","uri":"https://restoreuserlivesdaily-c7qxyy2ypq-uc.a.run.app","serviceAccountEmail":"346044500443-compute@developer.gserviceaccount.com","availableMemory":"256Mi","allTrafficOnLatestRevision":true,"revision":"restoreuserlivesdaily-00046-hom","maxInstanceRequestConcurrency":80,"availableCpu":"1"},"state":"ACTIVE","updateTime":"2025-09-02T12:40:20.201843354Z","labels":{"deployment-scheduled":"true","firebase-functions-hash":"c7347557b0a891fc749476bde9b1aa19c408d2d3","deployment-tool":"cli-firebase"},"environment":"GEN_2","url":"https://us-central1-shadow-mma.cloudfunctions.net/restoreUserLivesDaily","createTime":"2025-08-12T12:25:51.809313327Z","satisfiesPzi":true},{"name":"projects/shadow-mma/locations/us-central1/functions/handleGameOver","buildConfig":{"build":"projects/346044500443/locations/us-central1/builds/a9a93900-f91f-4821-ba84-a3e913a44640","runtime":"nodejs22","entryPoint":"handleGameOver","source":{"storageSource":{"bucket":"gcf-v2-sources-346044500443-us-central1","object":"handleGameOver/function-source.zip","generation":"1756816812120726"}},"environmentVariables":{"GOOGLE_NODE_RUN_SCRIPTS":""},"dockerRepository":"projects/shadow-mma/locations/us-central1/repositories/gcf-artifacts","sourceProvenance":{"resolvedStorageSource":{"bucket":"gcf-v2-sources-346044500443-us-central1","object":"handleGameOver/function-source.zip","generation":"1756816812120726"}},"dockerRegistry":"ARTIFACT_REGISTRY","serviceAccount":"projects/shadow-mma/serviceAccounts/346044500443-compute@developer.gserviceaccount.com","automaticUpdatePolicy":{}},"serviceConfig":{"service":"projects/shadow-mma/locations/us-central1/services/handlegameover","timeoutSeconds":60,"environmentVariables":{"FIREBASE_CONFIG":"{\"projectId\":\"shadow-mma\",\"storageBucket\":\"shadow-mma.firebasestorage.app\"}","GCLOUD_PROJECT":"shadow-mma","EVENTARC_CLOUD_EVENT_SOURCE":"projects/shadow-mma/locations/us-central1/services/handleGameOver","FUNCTION_TARGET":"handleGameOver","LOG_EXECUTION_ID":"true","FUNCTION_SIGNATURE_TYPE":"http"},"maxInstanceCount":10,"ingressSettings":"ALLOW_ALL","uri":"https://handlegameover-c7qxyy2ypq-uc.a.run.app","serviceAccountEmail":"346044500443-compute@developer.gserviceaccount.com","availableMemory":"256Mi","allTrafficOnLatestRevision":true,"revision":"handlegameover-00043-pef","maxInstanceRequestConcurrency":80,"availableCpu":"1"},"state":"ACTIVE","updateTime":"2025-09-02T12:40:20.743980113Z","labels":{"deployment-tool":"cli-firebase","firebase-functions-hash":"c7347557b0a891fc749476bde9b1aa19c408d2d3"},"environment":"GEN_2","url":"https://us-central1-shadow-mma.cloudfunctions.net/handleGameOver","createTime":"2025-08-17T12:28:30.264262728Z","satisfiesPzi":true},{"name":"projects/shadow-mma/locations/us-central1/functions/getUserData","buildConfig":{"build":"projects/346044500443/locations/us-central1/builds/a9a93900-f91f-4821-ba84-a3e913a44640","runtime":"nodejs22","entryPoint":"getUserData","source":{"storageSource":{"bucket":"gcf-v2-sources-346044500443-us-central1","object":"getUserData/function-source.zip","generation":"1756816758482343"}},"environmentVariables":{"GOOGLE_NODE_RUN_SCRIPTS":""},"dockerRepository":"projects/shadow-mma/locations/us-central1/repositories/gcf-artifacts","sourceProvenance":{"resolvedStorageSource":{"bucket":"gcf-v2-sources-346044500443-us-central1","object":"getUserData/function-source.zip","generation":"1756816758482343"}},"dockerRegistry":"ARTIFACT_REGISTRY","serviceAccount":"projects/shadow-mma/serviceAccounts/346044500443-compute@developer.gserviceaccount.com","automaticUpdatePolicy":{}},"serviceConfig":{"service":"projects/shadow-mma/locations/us-central1/services/getuserdata","timeoutSeconds":60,"environmentVariables":{"FIREBASE_CONFIG":"{\"projectId\":\"shadow-mma\",\"storageBucket\":\"shadow-mma.firebasestorage.app\"}","GCLOUD_PROJECT":"shadow-mma","EVENTARC_CLOUD_EVENT_SOURCE":"projects/shadow-mma/locations/us-central1/services/getUserData","FUNCTION_TARGET":"getUserData","LOG_EXECUTION_ID":"true","FUNCTION_SIGNATURE_TYPE":"http"},"maxInstanceCount":10,"ingressSettings":"ALLOW_ALL","uri":"https://getuserdata-c7qxyy2ypq-uc.a.run.app","serviceAccountEmail":"346044500443-compute@developer.gserviceaccount.com","availableMemory":"256Mi","allTrafficOnLatestRevision":true,"revision":"getuserdata-00019-xas","maxInstanceRequestConcurrency":80,"availableCpu":"1"},"state":"ACTIVE","updateTime":"2025-09-02T12:40:19.480959707Z","labels":{"deployment-tool":"cli-firebase","firebase-functions-hash":"c7347557b0a891fc749476bde9b1aa19c408d2d3"},"environment":"GEN_2","url":"https://us-central1-shadow-mma.cloudfunctions.net/getUserData","createTime":"2025-08-24T21:30:04.744471826Z","satisfiesPzi":true},{"name":"projects/shadow-mma/locations/us-central1/functions/resetWeeklyMissionProgress","buildConfig":{"build":"projects/346044500443/locations/us-central1/builds/a9a93900-f91f-4821-ba84-a3e913a44640","runtime":"nodejs22","entryPoint":"resetWeeklyMissionProgress","source":{"storageSource":{"bucket":"gcf-v2-sources-346044500443-us-central1","object":"resetWeeklyMissionProgress/function-source.zip","generation":"1756816812022057"}},"environmentVariables":{"GOOGLE_NODE_RUN_SCRIPTS":""},"dockerRepository":"projects/shadow-mma/locations/us-central1/repositories/gcf-artifacts","sourceProvenance":{"resolvedStorageSource":{"bucket":"gcf-v2-sources-346044500443-us-central1","object":"resetWeeklyMissionProgress/function-source.zip","generation":"1756816812022057"}},"dockerRegistry":"ARTIFACT_REGISTRY","serviceAccount":"projects/shadow-mma/serviceAccounts/346044500443-compute@developer.gserviceaccount.com","automaticUpdatePolicy":{}},"serviceConfig":{"service":"projects/shadow-mma/locations/us-central1/services/resetweeklymissionprogress","timeoutSeconds":60,"environmentVariables":{"FIREBASE_CONFIG":"{\"projectId\":\"shadow-mma\",\"storageBucket\":\"shadow-mma.firebasestorage.app\"}","GCLOUD_PROJECT":"shadow-mma","EVENTARC_CLOUD_EVENT_SOURCE":"projects/shadow-mma/locations/us-central1/services/resetWeeklyMissionProgress","FUNCTION_TARGET":"resetWeeklyMissionProgress","LOG_EXECUTION_ID":"true","FUNCTION_SIGNATURE_TYPE":"http"},"maxInstanceCount":10,"ingressSettings":"ALLOW_ALL","uri":"https://resetweeklymissionprogress-c7qxyy2ypq-uc.a.run.app","serviceAccountEmail":"346044500443-compute@developer.gserviceaccount.com","availableMemory":"256Mi","allTrafficOnLatestRevision":true,"revision":"resetweeklymissionprogress-00014-wih","maxInstanceRequestConcurrency":80,"availableCpu":"1"},"state":"ACTIVE","updateTime":"2025-09-02T12:40:20.108599377Z","labels":{"firebase-functions-hash":"c7347557b0a891fc749476bde9b1aa19c408d2d3","deployment-tool":"cli-firebase","deployment-scheduled":"true"},"environment":"GEN_2","url":"https://us-central1-shadow-mma.cloudfunctions.net/resetWeeklyMissionProgress","createTime":"2025-08-29T00:05:24.582876588Z","satisfiesPzi":true},{"name":"projects/shadow-mma/locations/us-central1/functions/createUser","buildConfig":{"build":"projects/346044500443/locations/us-central1/builds/a9a93900-f91f-4821-ba84-a3e913a44640","runtime":"nodejs22","entryPoint":"createUser","source":{"storageSource":{"bucket":"gcf-v2-sources-346044500443-us-central1","object":"createUser/function-source.zip","generation":"1756816812044829"}},"environmentVariables":{"GOOGLE_NODE_RUN_SCRIPTS":""},"dockerRepository":"projects/shadow-mma/locations/us-central1/repositories/gcf-artifacts","sourceProvenance":{"resolvedStorageSource":{"bucket":"gcf-v2-sources-346044500443-us-central1","object":"createUser/function-source.zip","generation":"1756816812044829"}},"dockerRegistry":"ARTIFACT_REGISTRY","serviceAccount":"projects/shadow-mma/serviceAccounts/346044500443-compute@developer.gserviceaccount.com","automaticUpdatePolicy":{}},"serviceConfig":{"service":"projects/shadow-mma/locations/us-central1/services/createuser","timeoutSeconds":60,"environmentVariables":{"FIREBASE_CONFIG":"{\"projectId\":\"shadow-mma\",\"storageBucket\":\"shadow-mma.firebasestorage.app\"}","GCLOUD_PROJECT":"shadow-mma","EVENTARC_CLOUD_EVENT_SOURCE":"projects/shadow-mma/locations/us-central1/services/createUser","FUNCTION_TARGET":"createUser","LOG_EXECUTION_ID":"true","FUNCTION_SIGNATURE_TYPE":"http"},"maxInstanceCount":10,"ingressSettings":"ALLOW_ALL","uri":"https://createuser-c7qxyy2ypq-uc.a.run.app","serviceAccountEmail":"346044500443-compute@developer.gserviceaccount.com","availableMemory":"256Mi","allTrafficOnLatestRevision":true,"revision":"createuser-00019-hog","maxInstanceRequestConcurrency":80,"availableCpu":"1"},"state":"ACTIVE","updateTime":"2025-09-02T12:40:20.133917789Z","labels":{"firebase-functions-hash":"c7347557b0a891fc749476bde9b1aa19c408d2d3","deployment-tool":"cli-firebase"},"environment":"GEN_2","url":"https://us-central1-shadow-mma.cloudfunctions.net/createUser","createTime":"2025-08-24T21:31:09.682545645Z","satisfiesPzi":true},{"name":"projects/shadow-mma/locations/us-central1/functions/updateLastLogin","buildConfig":{"build":"projects/346044500443/locations/us-central1/builds/a9a93900-f91f-4821-ba84-a3e913a44640","runtime":"nodejs22","entryPoint":"updateLastLogin","source":{"storageSource":{"bucket":"gcf-v2-sources-346044500443-us-central1","object":"updateLastLogin/function-source.zip","generation":"1756816811978821"}},"environmentVariables":{"GOOGLE_NODE_RUN_SCRIPTS":""},"dockerRepository":"projects/shadow-mma/locations/us-central1/repositories/gcf-artifacts","sourceProvenance":{"resolvedStorageSource":{"bucket":"gcf-v2-sources-346044500443-us-central1","object":"updateLastLogin/function-source.zip","generation":"1756816811978821"}},"dockerRegistry":"ARTIFACT_REGISTRY","serviceAccount":"projects/shadow-mma/serviceAccounts/346044500443-compute@developer.gserviceaccount.com","automaticUpdatePolicy":{}},"serviceConfig":{"service":"projects/shadow-mma/locations/us-central1/services/updatelastlogin","timeoutSeconds":60,"environmentVariables":{"FIREBASE_CONFIG":"{\"projectId\":\"shadow-mma\",\"storageBucket\":\"shadow-mma.firebasestorage.app\"}","GCLOUD_PROJECT":"shadow-mma","EVENTARC_CLOUD_EVENT_SOURCE":"projects/shadow-mma/locations/us-central1/services/updateLastLogin","FUNCTION_TARGET":"updateLastLogin","LOG_EXECUTION_ID":"true","FUNCTION_SIGNATURE_TYPE":"http"},"maxInstanceCount":10,"ingressSettings":"ALLOW_ALL","uri":"https://updatelastlogin-c7qxyy2ypq-uc.a.run.app","serviceAccountEmail":"346044500443-compute@developer.gserviceaccount.com","availableMemory":"256Mi","allTrafficOnLatestRevision":true,"revision":"updatelastlogin-00019-pav","maxInstanceRequestConcurrency":80,"availableCpu":"1"},"state":"ACTIVE","updateTime":"2025-09-02T12:40:20.256407651Z","labels":{"deployment-tool":"cli-firebase","firebase-functions-hash":"c7347557b0a891fc749476bde9b1aa19c408d2d3"},"environment":"GEN_2","url":"https://us-central1-shadow-mma.cloudfunctions.net/updateLastLogin","createTime":"2025-08-24T21:31:09.599287467Z","satisfiesPzi":true}]}
[info] i  functions: ensuring required API cloudscheduler.googleapis.com is enabled... 
[info] i  functions: ensuring required API run.googleapis.com is enabled... 
[info] i  functions: ensuring required API eventarc.googleapis.com is enabled... 
[info] i  functions: ensuring required API pubsub.googleapis.com is enabled... 
[info] i  functions: ensuring required API storage.googleapis.com is enabled... 
[info] i  functions: generating the service identity for pubsub.googleapis.com... 
[debug] [2025-09-03T22:42:32.651Z] Checked if tokens are valid: true, expires at: 1756942781542
[debug] [2025-09-03T22:42:32.651Z] Checked if tokens are valid: true, expires at: 1756942781542
[info] i  functions: generating the service identity for eventarc.googleapis.com... 
[debug] [2025-09-03T22:42:32.651Z] Checked if tokens are valid: true, expires at: 1756942781542
[debug] [2025-09-03T22:42:32.651Z] Checked if tokens are valid: true, expires at: 1756942781542
[debug] [2025-09-03T22:42:32.651Z] >>> [apiv2][query] POST https://serviceusage.googleapis.com/v1beta1/projects/346044500443/services/pubsub.googleapis.com:generateServiceIdentity [none]
[debug] [2025-09-03T22:42:32.651Z] >>> [apiv2][(partial)header] POST https://serviceusage.googleapis.com/v1beta1/projects/346044500443/services/pubsub.googleapis.com:generateServiceIdentity x-goog-quota-user=projects/346044500443
[debug] [2025-09-03T22:42:32.651Z] >>> [apiv2][body] POST https://serviceusage.googleapis.com/v1beta1/projects/346044500443/services/pubsub.googleapis.com:generateServiceIdentity {}
[debug] [2025-09-03T22:42:32.652Z] >>> [apiv2][query] POST https://serviceusage.googleapis.com/v1beta1/projects/346044500443/services/eventarc.googleapis.com:generateServiceIdentity [none]
[debug] [2025-09-03T22:42:32.653Z] >>> [apiv2][(partial)header] POST https://serviceusage.googleapis.com/v1beta1/projects/346044500443/services/eventarc.googleapis.com:generateServiceIdentity x-goog-quota-user=projects/346044500443
[debug] [2025-09-03T22:42:32.653Z] >>> [apiv2][body] POST https://serviceusage.googleapis.com/v1beta1/projects/346044500443/services/eventarc.googleapis.com:generateServiceIdentity {}
[debug] [2025-09-03T22:42:33.681Z] <<< [apiv2][status] POST https://serviceusage.googleapis.com/v1beta1/projects/346044500443/services/eventarc.googleapis.com:generateServiceIdentity 200
[debug] [2025-09-03T22:42:33.681Z] <<< [apiv2][body] POST https://serviceusage.googleapis.com/v1beta1/projects/346044500443/services/eventarc.googleapis.com:generateServiceIdentity {"name":"operations/finished.DONE_OPERATION","done":true,"response":{"@type":"type.googleapis.com/google.api.serviceusage.v1beta1.ServiceIdentity","email":"service-346044500443@gcp-sa-eventarc.iam.gserviceaccount.com","uniqueId":"116824228944325403627"}}
[debug] [2025-09-03T22:42:33.702Z] <<< [apiv2][status] POST https://serviceusage.googleapis.com/v1beta1/projects/346044500443/services/pubsub.googleapis.com:generateServiceIdentity 200
[debug] [2025-09-03T22:42:33.702Z] <<< [apiv2][body] POST https://serviceusage.googleapis.com/v1beta1/projects/346044500443/services/pubsub.googleapis.com:generateServiceIdentity {"name":"operations/finished.DONE_OPERATION","done":true,"response":{"@type":"type.googleapis.com/google.api.serviceusage.v1beta1.ServiceIdentity","email":"service-346044500443@gcp-sa-pubsub.iam.gserviceaccount.com","uniqueId":"104814408684301190852"}}
[debug] [2025-09-03T22:42:33.705Z] Checked if tokens are valid: true, expires at: 1756942781542
[debug] [2025-09-03T22:42:33.705Z] Checked if tokens are valid: true, expires at: 1756942781542
[debug] [2025-09-03T22:42:33.705Z] >>> [apiv2][query] GET https://cloudresourcemanager.googleapis.com/v1/projects/shadow-mma [none]
[debug] [2025-09-03T22:42:33.913Z] <<< [apiv2][status] GET https://cloudresourcemanager.googleapis.com/v1/projects/shadow-mma 200
[debug] [2025-09-03T22:42:33.913Z] <<< [apiv2][body] GET https://cloudresourcemanager.googleapis.com/v1/projects/shadow-mma {"projectNumber":"346044500443","projectId":"shadow-mma","lifecycleState":"ACTIVE","name":"Shadow MMA","labels":{"firebase":"enabled","firebase-core":"disabled"},"createTime":"2025-07-24T21:56:40.672125Z"}
[debug] [2025-09-03T22:42:33.914Z] Checked if tokens are valid: true, expires at: 1756942781542
[debug] [2025-09-03T22:42:33.914Z] Checked if tokens are valid: true, expires at: 1756942781542
[debug] [2025-09-03T22:42:33.914Z] >>> [apiv2][query] GET https://compute.googleapis.com/compute/v1/projects/346044500443 [none]
[debug] [2025-09-03T22:42:34.278Z] <<< [apiv2][status] GET https://compute.googleapis.com/compute/v1/projects/346044500443 403
[debug] [2025-09-03T22:42:34.279Z] <<< [apiv2][body] GET https://compute.googleapis.com/compute/v1/projects/346044500443 {"error":{"code":403,"message":"Compute Engine API has not been used in project 346044500443 before or it is disabled. Enable it by visiting https://console.developers.google.com/apis/api/compute.googleapis.com/overview?project=346044500443 then retry. If you enabled this API recently, wait a few minutes for the action to propagate to our systems and retry.","errors":[{"message":"Compute Engine API has not been used in project 346044500443 before or it is disabled. Enable it by visiting https://console.developers.google.com/apis/api/compute.googleapis.com/overview?project=346044500443 then retry. If you enabled this API recently, wait a few minutes for the action to propagate to our systems and retry.","domain":"usageLimits","reason":"accessNotConfigured","extendedHelp":"https://console.developers.google.com"}],"status":"PERMISSION_DENIED","details":[{"@type":"type.googleapis.com/google.rpc.ErrorInfo","reason":"SERVICE_DISABLED","domain":"googleapis.com","metadata":{"service":"compute.googleapis.com","activationUrl":"https://console.developers.google.com/apis/api/compute.googleapis.com/overview?project=346044500443","serviceTitle":"Compute Engine API","consumer":"projects/346044500443","containerInfo":"346044500443"}},{"@type":"type.googleapis.com/google.rpc.LocalizedMessage","locale":"en-US","message":"Compute Engine API has not been used in project 346044500443 before or it is disabled. Enable it by visiting https://console.developers.google.com/apis/api/compute.googleapis.com/overview?project=346044500443 then retry. If you enabled this API recently, wait a few minutes for the action to propagate to our systems and retry."},{"@type":"type.googleapis.com/google.rpc.Help","links":[{"description":"Google developers console API activation","url":"https://console.developers.google.com/apis/api/compute.googleapis.com/overview?project=346044500443"}]}]}}
[debug] [2025-09-03T22:42:34.279Z] unable to look up default compute service account. Falling back to 346044500443-compute@developer.gserviceaccount.com. Error: {"name":"FirebaseError","children":[],"context":{"body":{"error":{"code":403,"message":"Compute Engine API has not been used in project 346044500443 before or it is disabled. Enable it by visiting https://console.developers.google.com/apis/api/compute.googleapis.com/overview?project=346044500443 then retry. If you enabled this API recently, wait a few minutes for the action to propagate to our systems and retry.","errors":[{"message":"Compute Engine API has not been used in project 346044500443 before or it is disabled. Enable it by visiting https://console.developers.google.com/apis/api/compute.googleapis.com/overview?project=346044500443 then retry. If you enabled this API recently, wait a few minutes for the action to propagate to our systems and retry.","domain":"usageLimits","reason":"accessNotConfigured","extendedHelp":"https://console.developers.google.com"}],"status":"PERMISSION_DENIED","details":[{"@type":"type.googleapis.com/google.rpc.ErrorInfo","reason":"SERVICE_DISABLED","domain":"googleapis.com","metadata":{"service":"compute.googleapis.com","activationUrl":"https://console.developers.google.com/apis/api/compute.googleapis.com/overview?project=346044500443","serviceTitle":"Compute Engine API","consumer":"projects/346044500443","containerInfo":"346044500443"}},{"@type":"type.googleapis.com/google.rpc.LocalizedMessage","locale":"en-US","message":"Compute Engine API has not been used in project 346044500443 before or it is disabled. Enable it by visiting https://console.developers.google.com/apis/api/compute.googleapis.com/overview?project=346044500443 then retry. If you enabled this API recently, wait a few minutes for the action to propagate to our systems and retry."},{"@type":"type.googleapis.com/google.rpc.Help","links":[{"description":"Google developers console API activation","url":"https://console.developers.google.com/apis/api/compute.googleapis.com/overview?project=346044500443"}]}]}},"response":{"statusCode":403}},"exit":1,"message":"Request to https://compute.googleapis.com/compute/v1/projects/346044500443 had HTTP Error: 403, Compute Engine API has not been used in project 346044500443 before or it is disabled. Enable it by visiting https://console.developers.google.com/apis/api/compute.googleapis.com/overview?project=346044500443 then retry. If you enabled this API recently, wait a few minutes for the action to propagate to our systems and retry.","status":403}
[debug] [2025-09-03T22:42:34.279Z] Checked if tokens are valid: true, expires at: 1756942781542
[debug] [2025-09-03T22:42:34.279Z] Checked if tokens are valid: true, expires at: 1756942781542
[debug] [2025-09-03T22:42:34.279Z] >>> [apiv2][query] GET https://compute.googleapis.com/compute/v1/projects/346044500443 [none]
[debug] [2025-09-03T22:42:34.455Z] <<< [apiv2][status] GET https://compute.googleapis.com/compute/v1/projects/346044500443 403
[debug] [2025-09-03T22:42:34.456Z] <<< [apiv2][body] GET https://compute.googleapis.com/compute/v1/projects/346044500443 {"error":{"code":403,"message":"Compute Engine API has not been used in project 346044500443 before or it is disabled. Enable it by visiting https://console.developers.google.com/apis/api/compute.googleapis.com/overview?project=346044500443 then retry. If you enabled this API recently, wait a few minutes for the action to propagate to our systems and retry.","errors":[{"message":"Compute Engine API has not been used in project 346044500443 before or it is disabled. Enable it by visiting https://console.developers.google.com/apis/api/compute.googleapis.com/overview?project=346044500443 then retry. If you enabled this API recently, wait a few minutes for the action to propagate to our systems and retry.","domain":"usageLimits","reason":"accessNotConfigured","extendedHelp":"https://console.developers.google.com"}],"status":"PERMISSION_DENIED","details":[{"@type":"type.googleapis.com/google.rpc.ErrorInfo","reason":"SERVICE_DISABLED","domain":"googleapis.com","metadata":{"activationUrl":"https://console.developers.google.com/apis/api/compute.googleapis.com/overview?project=346044500443","service":"compute.googleapis.com","containerInfo":"346044500443","serviceTitle":"Compute Engine API","consumer":"projects/346044500443"}},{"@type":"type.googleapis.com/google.rpc.LocalizedMessage","locale":"en-US","message":"Compute Engine API has not been used in project 346044500443 before or it is disabled. Enable it by visiting https://console.developers.google.com/apis/api/compute.googleapis.com/overview?project=346044500443 then retry. If you enabled this API recently, wait a few minutes for the action to propagate to our systems and retry."},{"@type":"type.googleapis.com/google.rpc.Help","links":[{"description":"Google developers console API activation","url":"https://console.developers.google.com/apis/api/compute.googleapis.com/overview?project=346044500443"}]}]}}
[debug] [2025-09-03T22:42:34.456Z] unable to look up default compute service account. Falling back to 346044500443-compute@developer.gserviceaccount.com. Error: {"name":"FirebaseError","children":[],"context":{"body":{"error":{"code":403,"message":"Compute Engine API has not been used in project 346044500443 before or it is disabled. Enable it by visiting https://console.developers.google.com/apis/api/compute.googleapis.com/overview?project=346044500443 then retry. If you enabled this API recently, wait a few minutes for the action to propagate to our systems and retry.","errors":[{"message":"Compute Engine API has not been used in project 346044500443 before or it is disabled. Enable it by visiting https://console.developers.google.com/apis/api/compute.googleapis.com/overview?project=346044500443 then retry. If you enabled this API recently, wait a few minutes for the action to propagate to our systems and retry.","domain":"usageLimits","reason":"accessNotConfigured","extendedHelp":"https://console.developers.google.com"}],"status":"PERMISSION_DENIED","details":[{"@type":"type.googleapis.com/google.rpc.ErrorInfo","reason":"SERVICE_DISABLED","domain":"googleapis.com","metadata":{"activationUrl":"https://console.developers.google.com/apis/api/compute.googleapis.com/overview?project=346044500443","service":"compute.googleapis.com","containerInfo":"346044500443","serviceTitle":"Compute Engine API","consumer":"projects/346044500443"}},{"@type":"type.googleapis.com/google.rpc.LocalizedMessage","locale":"en-US","message":"Compute Engine API has not been used in project 346044500443 before or it is disabled. Enable it by visiting https://console.developers.google.com/apis/api/compute.googleapis.com/overview?project=346044500443 then retry. If you enabled this API recently, wait a few minutes for the action to propagate to our systems and retry."},{"@type":"type.googleapis.com/google.rpc.Help","links":[{"description":"Google developers console API activation","url":"https://console.developers.google.com/apis/api/compute.googleapis.com/overview?project=346044500443"}]}]}},"response":{"statusCode":403}},"exit":1,"message":"Request to https://compute.googleapis.com/compute/v1/projects/346044500443 had HTTP Error: 403, Compute Engine API has not been used in project 346044500443 before or it is disabled. Enable it by visiting https://console.developers.google.com/apis/api/compute.googleapis.com/overview?project=346044500443 then retry. If you enabled this API recently, wait a few minutes for the action to propagate to our systems and retry.","status":403}
[debug] [2025-09-03T22:42:34.456Z] Checked if tokens are valid: true, expires at: 1756942781542
[debug] [2025-09-03T22:42:34.456Z] Checked if tokens are valid: true, expires at: 1756942781542
[debug] [2025-09-03T22:42:34.456Z] >>> [apiv2][query] GET https://compute.googleapis.com/compute/v1/projects/346044500443 [none]
[debug] [2025-09-03T22:42:34.614Z] <<< [apiv2][status] GET https://compute.googleapis.com/compute/v1/projects/346044500443 403
[debug] [2025-09-03T22:42:34.614Z] <<< [apiv2][body] GET https://compute.googleapis.com/compute/v1/projects/346044500443 {"error":{"code":403,"message":"Compute Engine API has not been used in project 346044500443 before or it is disabled. Enable it by visiting https://console.developers.google.com/apis/api/compute.googleapis.com/overview?project=346044500443 then retry. If you enabled this API recently, wait a few minutes for the action to propagate to our systems and retry.","errors":[{"message":"Compute Engine API has not been used in project 346044500443 before or it is disabled. Enable it by visiting https://console.developers.google.com/apis/api/compute.googleapis.com/overview?project=346044500443 then retry. If you enabled this API recently, wait a few minutes for the action to propagate to our systems and retry.","domain":"usageLimits","reason":"accessNotConfigured","extendedHelp":"https://console.developers.google.com"}],"status":"PERMISSION_DENIED","details":[{"@type":"type.googleapis.com/google.rpc.ErrorInfo","reason":"SERVICE_DISABLED","domain":"googleapis.com","metadata":{"service":"compute.googleapis.com","activationUrl":"https://console.developers.google.com/apis/api/compute.googleapis.com/overview?project=346044500443","serviceTitle":"Compute Engine API","consumer":"projects/346044500443","containerInfo":"346044500443"}},{"@type":"type.googleapis.com/google.rpc.LocalizedMessage","locale":"en-US","message":"Compute Engine API has not been used in project 346044500443 before or it is disabled. Enable it by visiting https://console.developers.google.com/apis/api/compute.googleapis.com/overview?project=346044500443 then retry. If you enabled this API recently, wait a few minutes for the action to propagate to our systems and retry."},{"@type":"type.googleapis.com/google.rpc.Help","links":[{"description":"Google developers console API activation","url":"https://console.developers.google.com/apis/api/compute.googleapis.com/overview?project=346044500443"}]}]}}
[debug] [2025-09-03T22:42:34.614Z] unable to look up default compute service account. Falling back to 346044500443-compute@developer.gserviceaccount.com. Error: {"name":"FirebaseError","children":[],"context":{"body":{"error":{"code":403,"message":"Compute Engine API has not been used in project 346044500443 before or it is disabled. Enable it by visiting https://console.developers.google.com/apis/api/compute.googleapis.com/overview?project=346044500443 then retry. If you enabled this API recently, wait a few minutes for the action to propagate to our systems and retry.","errors":[{"message":"Compute Engine API has not been used in project 346044500443 before or it is disabled. Enable it by visiting https://console.developers.google.com/apis/api/compute.googleapis.com/overview?project=346044500443 then retry. If you enabled this API recently, wait a few minutes for the action to propagate to our systems and retry.","domain":"usageLimits","reason":"accessNotConfigured","extendedHelp":"https://console.developers.google.com"}],"status":"PERMISSION_DENIED","details":[{"@type":"type.googleapis.com/google.rpc.ErrorInfo","reason":"SERVICE_DISABLED","domain":"googleapis.com","metadata":{"service":"compute.googleapis.com","activationUrl":"https://console.developers.google.com/apis/api/compute.googleapis.com/overview?project=346044500443","serviceTitle":"Compute Engine API","consumer":"projects/346044500443","containerInfo":"346044500443"}},{"@type":"type.googleapis.com/google.rpc.LocalizedMessage","locale":"en-US","message":"Compute Engine API has not been used in project 346044500443 before or it is disabled. Enable it by visiting https://console.developers.google.com/apis/api/compute.googleapis.com/overview?project=346044500443 then retry. If you enabled this API recently, wait a few minutes for the action to propagate to our systems and retry."},{"@type":"type.googleapis.com/google.rpc.Help","links":[{"description":"Google developers console API activation","url":"https://console.developers.google.com/apis/api/compute.googleapis.com/overview?project=346044500443"}]}]}},"response":{"statusCode":403}},"exit":1,"message":"Request to https://compute.googleapis.com/compute/v1/projects/346044500443 had HTTP Error: 403, Compute Engine API has not been used in project 346044500443 before or it is disabled. Enable it by visiting https://console.developers.google.com/apis/api/compute.googleapis.com/overview?project=346044500443 then retry. If you enabled this API recently, wait a few minutes for the action to propagate to our systems and retry.","status":403}
[debug] [2025-09-03T22:42:34.614Z] Checked if tokens are valid: true, expires at: 1756942781542
[debug] [2025-09-03T22:42:34.614Z] Checked if tokens are valid: true, expires at: 1756942781542
[debug] [2025-09-03T22:42:34.614Z] >>> [apiv2][query] GET https://compute.googleapis.com/compute/v1/projects/346044500443 [none]
[debug] [2025-09-03T22:42:34.795Z] <<< [apiv2][status] GET https://compute.googleapis.com/compute/v1/projects/346044500443 403
[debug] [2025-09-03T22:42:34.795Z] <<< [apiv2][body] GET https://compute.googleapis.com/compute/v1/projects/346044500443 {"error":{"code":403,"message":"Compute Engine API has not been used in project 346044500443 before or it is disabled. Enable it by visiting https://console.developers.google.com/apis/api/compute.googleapis.com/overview?project=346044500443 then retry. If you enabled this API recently, wait a few minutes for the action to propagate to our systems and retry.","errors":[{"message":"Compute Engine API has not been used in project 346044500443 before or it is disabled. Enable it by visiting https://console.developers.google.com/apis/api/compute.googleapis.com/overview?project=346044500443 then retry. If you enabled this API recently, wait a few minutes for the action to propagate to our systems and retry.","domain":"usageLimits","reason":"accessNotConfigured","extendedHelp":"https://console.developers.google.com"}],"status":"PERMISSION_DENIED","details":[{"@type":"type.googleapis.com/google.rpc.ErrorInfo","reason":"SERVICE_DISABLED","domain":"googleapis.com","metadata":{"service":"compute.googleapis.com","consumer":"projects/346044500443","serviceTitle":"Compute Engine API","activationUrl":"https://console.developers.google.com/apis/api/compute.googleapis.com/overview?project=346044500443","containerInfo":"346044500443"}},{"@type":"type.googleapis.com/google.rpc.LocalizedMessage","locale":"en-US","message":"Compute Engine API has not been used in project 346044500443 before or it is disabled. Enable it by visiting https://console.developers.google.com/apis/api/compute.googleapis.com/overview?project=346044500443 then retry. If you enabled this API recently, wait a few minutes for the action to propagate to our systems and retry."},{"@type":"type.googleapis.com/google.rpc.Help","links":[{"description":"Google developers console API activation","url":"https://console.developers.google.com/apis/api/compute.googleapis.com/overview?project=346044500443"}]}]}}
[debug] [2025-09-03T22:42:34.795Z] unable to look up default compute service account. Falling back to 346044500443-compute@developer.gserviceaccount.com. Error: {"name":"FirebaseError","children":[],"context":{"body":{"error":{"code":403,"message":"Compute Engine API has not been used in project 346044500443 before or it is disabled. Enable it by visiting https://console.developers.google.com/apis/api/compute.googleapis.com/overview?project=346044500443 then retry. If you enabled this API recently, wait a few minutes for the action to propagate to our systems and retry.","errors":[{"message":"Compute Engine API has not been used in project 346044500443 before or it is disabled. Enable it by visiting https://console.developers.google.com/apis/api/compute.googleapis.com/overview?project=346044500443 then retry. If you enabled this API recently, wait a few minutes for the action to propagate to our systems and retry.","domain":"usageLimits","reason":"accessNotConfigured","extendedHelp":"https://console.developers.google.com"}],"status":"PERMISSION_DENIED","details":[{"@type":"type.googleapis.com/google.rpc.ErrorInfo","reason":"SERVICE_DISABLED","domain":"googleapis.com","metadata":{"service":"compute.googleapis.com","consumer":"projects/346044500443","serviceTitle":"Compute Engine API","activationUrl":"https://console.developers.google.com/apis/api/compute.googleapis.com/overview?project=346044500443","containerInfo":"346044500443"}},{"@type":"type.googleapis.com/google.rpc.LocalizedMessage","locale":"en-US","message":"Compute Engine API has not been used in project 346044500443 before or it is disabled. Enable it by visiting https://console.developers.google.com/apis/api/compute.googleapis.com/overview?project=346044500443 then retry. If you enabled this API recently, wait a few minutes for the action to propagate to our systems and retry."},{"@type":"type.googleapis.com/google.rpc.Help","links":[{"description":"Google developers console API activation","url":"https://console.developers.google.com/apis/api/compute.googleapis.com/overview?project=346044500443"}]}]}},"response":{"statusCode":403}},"exit":1,"message":"Request to https://compute.googleapis.com/compute/v1/projects/346044500443 had HTTP Error: 403, Compute Engine API has not been used in project 346044500443 before or it is disabled. Enable it by visiting https://console.developers.google.com/apis/api/compute.googleapis.com/overview?project=346044500443 then retry. If you enabled this API recently, wait a few minutes for the action to propagate to our systems and retry.","status":403}
[debug] [2025-09-03T22:42:34.795Z] Checked if tokens are valid: true, expires at: 1756942781542
[debug] [2025-09-03T22:42:34.795Z] Checked if tokens are valid: true, expires at: 1756942781542
[debug] [2025-09-03T22:42:34.795Z] >>> [apiv2][query] GET https://compute.googleapis.com/compute/v1/projects/346044500443 [none]
[debug] [2025-09-03T22:42:34.970Z] <<< [apiv2][status] GET https://compute.googleapis.com/compute/v1/projects/346044500443 403
[debug] [2025-09-03T22:42:34.970Z] <<< [apiv2][body] GET https://compute.googleapis.com/compute/v1/projects/346044500443 {"error":{"code":403,"message":"Compute Engine API has not been used in project 346044500443 before or it is disabled. Enable it by visiting https://console.developers.google.com/apis/api/compute.googleapis.com/overview?project=346044500443 then retry. If you enabled this API recently, wait a few minutes for the action to propagate to our systems and retry.","errors":[{"message":"Compute Engine API has not been used in project 346044500443 before or it is disabled. Enable it by visiting https://console.developers.google.com/apis/api/compute.googleapis.com/overview?project=346044500443 then retry. If you enabled this API recently, wait a few minutes for the action to propagate to our systems and retry.","domain":"usageLimits","reason":"accessNotConfigured","extendedHelp":"https://console.developers.google.com"}],"status":"PERMISSION_DENIED","details":[{"@type":"type.googleapis.com/google.rpc.ErrorInfo","reason":"SERVICE_DISABLED","domain":"googleapis.com","metadata":{"service":"compute.googleapis.com","activationUrl":"https://console.developers.google.com/apis/api/compute.googleapis.com/overview?project=346044500443","consumer":"projects/346044500443","serviceTitle":"Compute Engine API","containerInfo":"346044500443"}},{"@type":"type.googleapis.com/google.rpc.LocalizedMessage","locale":"en-US","message":"Compute Engine API has not been used in project 346044500443 before or it is disabled. Enable it by visiting https://console.developers.google.com/apis/api/compute.googleapis.com/overview?project=346044500443 then retry. If you enabled this API recently, wait a few minutes for the action to propagate to our systems and retry."},{"@type":"type.googleapis.com/google.rpc.Help","links":[{"description":"Google developers console API activation","url":"https://console.developers.google.com/apis/api/compute.googleapis.com/overview?project=346044500443"}]}]}}
[debug] [2025-09-03T22:42:34.970Z] unable to look up default compute service account. Falling back to 346044500443-compute@developer.gserviceaccount.com. Error: {"name":"FirebaseError","children":[],"context":{"body":{"error":{"code":403,"message":"Compute Engine API has not been used in project 346044500443 before or it is disabled. Enable it by visiting https://console.developers.google.com/apis/api/compute.googleapis.com/overview?project=346044500443 then retry. If you enabled this API recently, wait a few minutes for the action to propagate to our systems and retry.","errors":[{"message":"Compute Engine API has not been used in project 346044500443 before or it is disabled. Enable it by visiting https://console.developers.google.com/apis/api/compute.googleapis.com/overview?project=346044500443 then retry. If you enabled this API recently, wait a few minutes for the action to propagate to our systems and retry.","domain":"usageLimits","reason":"accessNotConfigured","extendedHelp":"https://console.developers.google.com"}],"status":"PERMISSION_DENIED","details":[{"@type":"type.googleapis.com/google.rpc.ErrorInfo","reason":"SERVICE_DISABLED","domain":"googleapis.com","metadata":{"service":"compute.googleapis.com","activationUrl":"https://console.developers.google.com/apis/api/compute.googleapis.com/overview?project=346044500443","consumer":"projects/346044500443","serviceTitle":"Compute Engine API","containerInfo":"346044500443"}},{"@type":"type.googleapis.com/google.rpc.LocalizedMessage","locale":"en-US","message":"Compute Engine API has not been used in project 346044500443 before or it is disabled. Enable it by visiting https://console.developers.google.com/apis/api/compute.googleapis.com/overview?project=346044500443 then retry. If you enabled this API recently, wait a few minutes for the action to propagate to our systems and retry."},{"@type":"type.googleapis.com/google.rpc.Help","links":[{"description":"Google developers console API activation","url":"https://console.developers.google.com/apis/api/compute.googleapis.com/overview?project=346044500443"}]}]}},"response":{"statusCode":403}},"exit":1,"message":"Request to https://compute.googleapis.com/compute/v1/projects/346044500443 had HTTP Error: 403, Compute Engine API has not been used in project 346044500443 before or it is disabled. Enable it by visiting https://console.developers.google.com/apis/api/compute.googleapis.com/overview?project=346044500443 then retry. If you enabled this API recently, wait a few minutes for the action to propagate to our systems and retry.","status":403}
[debug] [2025-09-03T22:42:34.970Z] Checked if tokens are valid: true, expires at: 1756942781542
[debug] [2025-09-03T22:42:34.971Z] Checked if tokens are valid: true, expires at: 1756942781542
[debug] [2025-09-03T22:42:34.971Z] >>> [apiv2][query] GET https://compute.googleapis.com/compute/v1/projects/346044500443 [none]
[debug] [2025-09-03T22:42:35.150Z] <<< [apiv2][status] GET https://compute.googleapis.com/compute/v1/projects/346044500443 403
[debug] [2025-09-03T22:42:35.150Z] <<< [apiv2][body] GET https://compute.googleapis.com/compute/v1/projects/346044500443 {"error":{"code":403,"message":"Compute Engine API has not been used in project 346044500443 before or it is disabled. Enable it by visiting https://console.developers.google.com/apis/api/compute.googleapis.com/overview?project=346044500443 then retry. If you enabled this API recently, wait a few minutes for the action to propagate to our systems and retry.","errors":[{"message":"Compute Engine API has not been used in project 346044500443 before or it is disabled. Enable it by visiting https://console.developers.google.com/apis/api/compute.googleapis.com/overview?project=346044500443 then retry. If you enabled this API recently, wait a few minutes for the action to propagate to our systems and retry.","domain":"usageLimits","reason":"accessNotConfigured","extendedHelp":"https://console.developers.google.com"}],"status":"PERMISSION_DENIED","details":[{"@type":"type.googleapis.com/google.rpc.ErrorInfo","reason":"SERVICE_DISABLED","domain":"googleapis.com","metadata":{"serviceTitle":"Compute Engine API","consumer":"projects/346044500443","service":"compute.googleapis.com","activationUrl":"https://console.developers.google.com/apis/api/compute.googleapis.com/overview?project=346044500443","containerInfo":"346044500443"}},{"@type":"type.googleapis.com/google.rpc.LocalizedMessage","locale":"en-US","message":"Compute Engine API has not been used in project 346044500443 before or it is disabled. Enable it by visiting https://console.developers.google.com/apis/api/compute.googleapis.com/overview?project=346044500443 then retry. If you enabled this API recently, wait a few minutes for the action to propagate to our systems and retry."},{"@type":"type.googleapis.com/google.rpc.Help","links":[{"description":"Google developers console API activation","url":"https://console.developers.google.com/apis/api/compute.googleapis.com/overview?project=346044500443"}]}]}}
[debug] [2025-09-03T22:42:35.150Z] unable to look up default compute service account. Falling back to 346044500443-compute@developer.gserviceaccount.com. Error: {"name":"FirebaseError","children":[],"context":{"body":{"error":{"code":403,"message":"Compute Engine API has not been used in project 346044500443 before or it is disabled. Enable it by visiting https://console.developers.google.com/apis/api/compute.googleapis.com/overview?project=346044500443 then retry. If you enabled this API recently, wait a few minutes for the action to propagate to our systems and retry.","errors":[{"message":"Compute Engine API has not been used in project 346044500443 before or it is disabled. Enable it by visiting https://console.developers.google.com/apis/api/compute.googleapis.com/overview?project=346044500443 then retry. If you enabled this API recently, wait a few minutes for the action to propagate to our systems and retry.","domain":"usageLimits","reason":"accessNotConfigured","extendedHelp":"https://console.developers.google.com"}],"status":"PERMISSION_DENIED","details":[{"@type":"type.googleapis.com/google.rpc.ErrorInfo","reason":"SERVICE_DISABLED","domain":"googleapis.com","metadata":{"serviceTitle":"Compute Engine API","consumer":"projects/346044500443","service":"compute.googleapis.com","activationUrl":"https://console.developers.google.com/apis/api/compute.googleapis.com/overview?project=346044500443","containerInfo":"346044500443"}},{"@type":"type.googleapis.com/google.rpc.LocalizedMessage","locale":"en-US","message":"Compute Engine API has not been used in project 346044500443 before or it is disabled. Enable it by visiting https://console.developers.google.com/apis/api/compute.googleapis.com/overview?project=346044500443 then retry. If you enabled this API recently, wait a few minutes for the action to propagate to our systems and retry."},{"@type":"type.googleapis.com/google.rpc.Help","links":[{"description":"Google developers console API activation","url":"https://console.developers.google.com/apis/api/compute.googleapis.com/overview?project=346044500443"}]}]}},"response":{"statusCode":403}},"exit":1,"message":"Request to https://compute.googleapis.com/compute/v1/projects/346044500443 had HTTP Error: 403, Compute Engine API has not been used in project 346044500443 before or it is disabled. Enable it by visiting https://console.developers.google.com/apis/api/compute.googleapis.com/overview?project=346044500443 then retry. If you enabled this API recently, wait a few minutes for the action to propagate to our systems and retry.","status":403}
[debug] [2025-09-03T22:42:35.150Z] Checked if tokens are valid: true, expires at: 1756942781542
[debug] [2025-09-03T22:42:35.150Z] Checked if tokens are valid: true, expires at: 1756942781542
[debug] [2025-09-03T22:42:35.150Z] >>> [apiv2][query] GET https://compute.googleapis.com/compute/v1/projects/346044500443 [none]
[debug] [2025-09-03T22:42:35.328Z] <<< [apiv2][status] GET https://compute.googleapis.com/compute/v1/projects/346044500443 403
[debug] [2025-09-03T22:42:35.328Z] <<< [apiv2][body] GET https://compute.googleapis.com/compute/v1/projects/346044500443 {"error":{"code":403,"message":"Compute Engine API has not been used in project 346044500443 before or it is disabled. Enable it by visiting https://console.developers.google.com/apis/api/compute.googleapis.com/overview?project=346044500443 then retry. If you enabled this API recently, wait a few minutes for the action to propagate to our systems and retry.","errors":[{"message":"Compute Engine API has not been used in project 346044500443 before or it is disabled. Enable it by visiting https://console.developers.google.com/apis/api/compute.googleapis.com/overview?project=346044500443 then retry. If you enabled this API recently, wait a few minutes for the action to propagate to our systems and retry.","domain":"usageLimits","reason":"accessNotConfigured","extendedHelp":"https://console.developers.google.com"}],"status":"PERMISSION_DENIED","details":[{"@type":"type.googleapis.com/google.rpc.ErrorInfo","reason":"SERVICE_DISABLED","domain":"googleapis.com","metadata":{"activationUrl":"https://console.developers.google.com/apis/api/compute.googleapis.com/overview?project=346044500443","containerInfo":"346044500443","service":"compute.googleapis.com","consumer":"projects/346044500443","serviceTitle":"Compute Engine API"}},{"@type":"type.googleapis.com/google.rpc.LocalizedMessage","locale":"en-US","message":"Compute Engine API has not been used in project 346044500443 before or it is disabled. Enable it by visiting https://console.developers.google.com/apis/api/compute.googleapis.com/overview?project=346044500443 then retry. If you enabled this API recently, wait a few minutes for the action to propagate to our systems and retry."},{"@type":"type.googleapis.com/google.rpc.Help","links":[{"description":"Google developers console API activation","url":"https://console.developers.google.com/apis/api/compute.googleapis.com/overview?project=346044500443"}]}]}}
[debug] [2025-09-03T22:42:35.328Z] unable to look up default compute service account. Falling back to 346044500443-compute@developer.gserviceaccount.com. Error: {"name":"FirebaseError","children":[],"context":{"body":{"error":{"code":403,"message":"Compute Engine API has not been used in project 346044500443 before or it is disabled. Enable it by visiting https://console.developers.google.com/apis/api/compute.googleapis.com/overview?project=346044500443 then retry. If you enabled this API recently, wait a few minutes for the action to propagate to our systems and retry.","errors":[{"message":"Compute Engine API has not been used in project 346044500443 before or it is disabled. Enable it by visiting https://console.developers.google.com/apis/api/compute.googleapis.com/overview?project=346044500443 then retry. If you enabled this API recently, wait a few minutes for the action to propagate to our systems and retry.","domain":"usageLimits","reason":"accessNotConfigured","extendedHelp":"https://console.developers.google.com"}],"status":"PERMISSION_DENIED","details":[{"@type":"type.googleapis.com/google.rpc.ErrorInfo","reason":"SERVICE_DISABLED","domain":"googleapis.com","metadata":{"activationUrl":"https://console.developers.google.com/apis/api/compute.googleapis.com/overview?project=346044500443","containerInfo":"346044500443","service":"compute.googleapis.com","consumer":"projects/346044500443","serviceTitle":"Compute Engine API"}},{"@type":"type.googleapis.com/google.rpc.LocalizedMessage","locale":"en-US","message":"Compute Engine API has not been used in project 346044500443 before or it is disabled. Enable it by visiting https://console.developers.google.com/apis/api/compute.googleapis.com/overview?project=346044500443 then retry. If you enabled this API recently, wait a few minutes for the action to propagate to our systems and retry."},{"@type":"type.googleapis.com/google.rpc.Help","links":[{"description":"Google developers console API activation","url":"https://console.developers.google.com/apis/api/compute.googleapis.com/overview?project=346044500443"}]}]}},"response":{"statusCode":403}},"exit":1,"message":"Request to https://compute.googleapis.com/compute/v1/projects/346044500443 had HTTP Error: 403, Compute Engine API has not been used in project 346044500443 before or it is disabled. Enable it by visiting https://console.developers.google.com/apis/api/compute.googleapis.com/overview?project=346044500443 then retry. If you enabled this API recently, wait a few minutes for the action to propagate to our systems and retry.","status":403}
[debug] [2025-09-03T22:42:35.329Z] Checked if tokens are valid: true, expires at: 1756942781542
[debug] [2025-09-03T22:42:35.329Z] Checked if tokens are valid: true, expires at: 1756942781542
[debug] [2025-09-03T22:42:35.329Z] >>> [apiv2][query] GET https://compute.googleapis.com/compute/v1/projects/346044500443 [none]
[debug] [2025-09-03T22:42:35.512Z] <<< [apiv2][status] GET https://compute.googleapis.com/compute/v1/projects/346044500443 403
[debug] [2025-09-03T22:42:35.512Z] <<< [apiv2][body] GET https://compute.googleapis.com/compute/v1/projects/346044500443 {"error":{"code":403,"message":"Compute Engine API has not been used in project 346044500443 before or it is disabled. Enable it by visiting https://console.developers.google.com/apis/api/compute.googleapis.com/overview?project=346044500443 then retry. If you enabled this API recently, wait a few minutes for the action to propagate to our systems and retry.","errors":[{"message":"Compute Engine API has not been used in project 346044500443 before or it is disabled. Enable it by visiting https://console.developers.google.com/apis/api/compute.googleapis.com/overview?project=346044500443 then retry. If you enabled this API recently, wait a few minutes for the action to propagate to our systems and retry.","domain":"usageLimits","reason":"accessNotConfigured","extendedHelp":"https://console.developers.google.com"}],"status":"PERMISSION_DENIED","details":[{"@type":"type.googleapis.com/google.rpc.ErrorInfo","reason":"SERVICE_DISABLED","domain":"googleapis.com","metadata":{"activationUrl":"https://console.developers.google.com/apis/api/compute.googleapis.com/overview?project=346044500443","serviceTitle":"Compute Engine API","containerInfo":"346044500443","consumer":"projects/346044500443","service":"compute.googleapis.com"}},{"@type":"type.googleapis.com/google.rpc.LocalizedMessage","locale":"en-US","message":"Compute Engine API has not been used in project 346044500443 before or it is disabled. Enable it by visiting https://console.developers.google.com/apis/api/compute.googleapis.com/overview?project=346044500443 then retry. If you enabled this API recently, wait a few minutes for the action to propagate to our systems and retry."},{"@type":"type.googleapis.com/google.rpc.Help","links":[{"description":"Google developers console API activation","url":"https://console.developers.google.com/apis/api/compute.googleapis.com/overview?project=346044500443"}]}]}}
[debug] [2025-09-03T22:42:35.512Z] unable to look up default compute service account. Falling back to 346044500443-compute@developer.gserviceaccount.com. Error: {"name":"FirebaseError","children":[],"context":{"body":{"error":{"code":403,"message":"Compute Engine API has not been used in project 346044500443 before or it is disabled. Enable it by visiting https://console.developers.google.com/apis/api/compute.googleapis.com/overview?project=346044500443 then retry. If you enabled this API recently, wait a few minutes for the action to propagate to our systems and retry.","errors":[{"message":"Compute Engine API has not been used in project 346044500443 before or it is disabled. Enable it by visiting https://console.developers.google.com/apis/api/compute.googleapis.com/overview?project=346044500443 then retry. If you enabled this API recently, wait a few minutes for the action to propagate to our systems and retry.","domain":"usageLimits","reason":"accessNotConfigured","extendedHelp":"https://console.developers.google.com"}],"status":"PERMISSION_DENIED","details":[{"@type":"type.googleapis.com/google.rpc.ErrorInfo","reason":"SERVICE_DISABLED","domain":"googleapis.com","metadata":{"activationUrl":"https://console.developers.google.com/apis/api/compute.googleapis.com/overview?project=346044500443","serviceTitle":"Compute Engine API","containerInfo":"346044500443","consumer":"projects/346044500443","service":"compute.googleapis.com"}},{"@type":"type.googleapis.com/google.rpc.LocalizedMessage","locale":"en-US","message":"Compute Engine API has not been used in project 346044500443 before or it is disabled. Enable it by visiting https://console.developers.google.com/apis/api/compute.googleapis.com/overview?project=346044500443 then retry. If you enabled this API recently, wait a few minutes for the action to propagate to our systems and retry."},{"@type":"type.googleapis.com/google.rpc.Help","links":[{"description":"Google developers console API activation","url":"https://console.developers.google.com/apis/api/compute.googleapis.com/overview?project=346044500443"}]}]}},"response":{"statusCode":403}},"exit":1,"message":"Request to https://compute.googleapis.com/compute/v1/projects/346044500443 had HTTP Error: 403, Compute Engine API has not been used in project 346044500443 before or it is disabled. Enable it by visiting https://console.developers.google.com/apis/api/compute.googleapis.com/overview?project=346044500443 then retry. If you enabled this API recently, wait a few minutes for the action to propagate to our systems and retry.","status":403}
[debug] [2025-09-03T22:42:35.514Z] Checked if tokens are valid: true, expires at: 1756942781542
[debug] [2025-09-03T22:42:35.514Z] Checked if tokens are valid: true, expires at: 1756942781542
[debug] [2025-09-03T22:42:35.515Z] >>> [apiv2][query] GET https://cloudbilling.googleapis.com/v1/projects/shadow-mma/billingInfo [none]
[debug] [2025-09-03T22:42:36.017Z] <<< [apiv2][status] GET https://cloudbilling.googleapis.com/v1/projects/shadow-mma/billingInfo 200
[debug] [2025-09-03T22:42:36.017Z] <<< [apiv2][body] GET https://cloudbilling.googleapis.com/v1/projects/shadow-mma/billingInfo {"name":"projects/shadow-mma/billingInfo","projectId":"shadow-mma","billingAccountName":"billingAccounts/015523-7AAF58-3C9797","billingEnabled":true}
[debug] [2025-09-03T22:42:36.018Z] Checked if tokens are valid: true, expires at: 1756942781542
[debug] [2025-09-03T22:42:36.018Z] Checked if tokens are valid: true, expires at: 1756942781542
[debug] [2025-09-03T22:42:36.019Z] >>> [apiv2][query] POST https://cloudfunctions.googleapis.com/v2/projects/shadow-mma/locations/us-central1/functions:generateUploadUrl [none]
[debug] [2025-09-03T22:42:36.995Z] <<< [apiv2][status] POST https://cloudfunctions.googleapis.com/v2/projects/shadow-mma/locations/us-central1/functions:generateUploadUrl 200
[debug] [2025-09-03T22:42:36.995Z] <<< [apiv2][body] POST https://cloudfunctions.googleapis.com/v2/projects/shadow-mma/locations/us-central1/functions:generateUploadUrl {"uploadUrl":"https://storage.googleapis.com/gcf-v2-uploads-346044500443.us-central1.cloudfunctions.appspot.com/3d725589-eb86-4cd6-a5e1-20e14568e203.zip?GoogleAccessId=service-346044500443@gcf-admin-robot.iam.gserviceaccount.com&Expires=1756941157&Signature=FEAt%2BVO%2FvsYaXWo125fAqNduSQEaHlR2j2sqKqFZm2URWDrJQXVq0LNTBpHKKnPnsKT3xSmUVr2bea5G%2B5x92OmQ23%2BwFaPKvP9jAuTWLq8uH2kgFCqupTbsVPwXoLWeL%2BLygrkmJbwnKZFWi3vQECgN%2Bn6Fu8ywMre%2F76w%2F8XTpNiKBhO0mXLqSfsbHhC7gJ6yWjRrdXMUnSpdqcez6I4KgQuKrmK21ha0P%2Bh0dDqv8ZceyET4uVrTPIePamcQZcPi3Bn3mHf4J5fh5CwVtVTYnDGxtzLTgopvNlJ%2BZnco41DDBEvIW8enzwJ8pgIjjDGyWw6uZGiGc16B0pqzy8w%3D%3D","storageSource":{"bucket":"gcf-v2-uploads-346044500443.us-central1.cloudfunctions.appspot.com","object":"3d725589-eb86-4cd6-a5e1-20e14568e203.zip"}}
[debug] [2025-09-03T22:42:36.996Z] >>> [apiv2][query] PUT https://storage.googleapis.com/gcf-v2-uploads-346044500443.us-central1.cloudfunctions.appspot.com/3d725589-eb86-4cd6-a5e1-20e14568e203.zip GoogleAccessId=service-346044500443%40gcf-admin-robot.iam.gserviceaccount.com&Expires=1756941157&Signature=FEAt%2BVO%2FvsYaXWo125fAqNduSQEaHlR2j2sqKqFZm2URWDrJQXVq0LNTBpHKKnPnsKT3xSmUVr2bea5G%2B5x92OmQ23%2BwFaPKvP9jAuTWLq8uH2kgFCqupTbsVPwXoLWeL%2BLygrkmJbwnKZFWi3vQECgN%2Bn6Fu8ywMre%2F76w%2F8XTpNiKBhO0mXLqSfsbHhC7gJ6yWjRrdXMUnSpdqcez6I4KgQuKrmK21ha0P%2Bh0dDqv8ZceyET4uVrTPIePamcQZcPi3Bn3mHf4J5fh5CwVtVTYnDGxtzLTgopvNlJ%2BZnco41DDBEvIW8enzwJ8pgIjjDGyWw6uZGiGc16B0pqzy8w%3D%3D
[debug] [2025-09-03T22:42:36.997Z] >>> [apiv2][body] PUT https://storage.googleapis.com/gcf-v2-uploads-346044500443.us-central1.cloudfunctions.appspot.com/3d725589-eb86-4cd6-a5e1-20e14568e203.zip [stream]
[debug] [2025-09-03T22:42:37.713Z] <<< [apiv2][status] PUT https://storage.googleapis.com/gcf-v2-uploads-346044500443.us-central1.cloudfunctions.appspot.com/3d725589-eb86-4cd6-a5e1-20e14568e203.zip 200
[debug] [2025-09-03T22:42:37.713Z] <<< [apiv2][body] PUT https://storage.googleapis.com/gcf-v2-uploads-346044500443.us-central1.cloudfunctions.appspot.com/3d725589-eb86-4cd6-a5e1-20e14568e203.zip [omitted]
[info] +  functions: functions folder uploaded successfully 
[info] i  functions: updating Node.js 22 (2nd Gen) function getUserData(us-central1)... 
[info] i  functions: updating Node.js 22 (2nd Gen) function updateLastLogin(us-central1)... 
[info] i  functions: updating Node.js 22 (2nd Gen) function restoreUserLivesDaily(us-central1)... 
[info] i  functions: updating Node.js 22 (2nd Gen) function resetWeeklyMissionProgress(us-central1)... 
[info] i  functions: updating Node.js 22 (2nd Gen) function handleGameOver(us-central1)... 
[info] i  functions: updating Node.js 22 (2nd Gen) function startFight(us-central1)... 
[info] i  functions: updating Node.js 22 (2nd Gen) function createUser(us-central1)... 
[info] i  functions: updating Node.js 22 (2nd Gen) function getCombosMeta(us-central1)... 
[debug] [2025-09-03T22:42:37.721Z] Checked if tokens are valid: true, expires at: 1756942781542
[debug] [2025-09-03T22:42:37.721Z] Checked if tokens are valid: true, expires at: 1756942781542
[debug] [2025-09-03T22:42:37.722Z] >>> [apiv2][query] PATCH https://cloudfunctions.googleapis.com/v2/projects/shadow-mma/locations/us-central1/functions/getUserData updateMask=name%2CbuildConfig.runtime%2CbuildConfig.entryPoint%2CbuildConfig.source.storageSource.bucket%2CbuildConfig.source.storageSource.object%2CbuildConfig.environmentVariables%2CbuildConfig.sourceToken%2CserviceConfig.environmentVariables%2CserviceConfig.ingressSettings%2CserviceConfig.timeoutSeconds%2CserviceConfig.serviceAccountEmail%2CserviceConfig.availableMemory%2CserviceConfig.minInstanceCount%2CserviceConfig.maxInstanceCount%2CserviceConfig.maxInstanceRequestConcurrency%2CserviceConfig.availableCpu%2CserviceConfig.vpcConnector%2CserviceConfig.vpcConnectorEgressSettings%2Clabels
[debug] [2025-09-03T22:42:37.722Z] >>> [apiv2][body] PATCH https://cloudfunctions.googleapis.com/v2/projects/shadow-mma/locations/us-central1/functions/getUserData {"name":"projects/shadow-mma/locations/us-central1/functions/getUserData","buildConfig":{"runtime":"nodejs22","entryPoint":"getUserData","source":{"storageSource":{"bucket":"gcf-v2-uploads-346044500443.us-central1.cloudfunctions.appspot.com","object":"3d725589-eb86-4cd6-a5e1-20e14568e203.zip"}},"environmentVariables":{"GOOGLE_NODE_RUN_SCRIPTS":""}},"serviceConfig":{"environmentVariables":{"FIREBASE_CONFIG":"{\"projectId\":\"shadow-mma\",\"storageBucket\":\"shadow-mma.firebasestorage.app\"}","GCLOUD_PROJECT":"shadow-mma","EVENTARC_CLOUD_EVENT_SOURCE":"projects/shadow-mma/locations/us-central1/services/getUserData","FUNCTION_TARGET":"getUserData","LOG_EXECUTION_ID":"true","FUNCTION_SIGNATURE_TYPE":"http"},"ingressSettings":null,"timeoutSeconds":null,"serviceAccountEmail":null,"availableMemory":"256Mi","minInstanceCount":null,"maxInstanceCount":10,"maxInstanceRequestConcurrency":80,"availableCpu":"1","vpcConnector":null,"vpcConnectorEgressSettings":null},"labels":{"deployment-tool":"cli-firebase","firebase-functions-hash":"f65b7a917987e7c0f2141c8713f1cba8843c4a57"}}
[debug] [2025-09-03T22:42:39.188Z] <<< [apiv2][status] PATCH https://cloudfunctions.googleapis.com/v2/projects/shadow-mma/locations/us-central1/functions/getUserData 200
[debug] [2025-09-03T22:42:39.188Z] <<< [apiv2][body] PATCH https://cloudfunctions.googleapis.com/v2/projects/shadow-mma/locations/us-central1/functions/getUserData {"name":"projects/shadow-mma/locations/us-central1/operations/operation-1756939358987-63ded526265e0-46222a3a-a7a19594","metadata":{"@type":"type.googleapis.com/google.cloud.functions.v2.OperationMetadata","createTime":"2025-09-03T22:42:40.104216188Z","target":"projects/shadow-mma/locations/us-central1/functions/getUserData","verb":"update","cancelRequested":false,"apiVersion":"v2"},"done":false}
[debug] [2025-09-03T22:42:39.189Z] Checked if tokens are valid: true, expires at: 1756942781542
[debug] [2025-09-03T22:42:39.189Z] Checked if tokens are valid: true, expires at: 1756942781542
[debug] [2025-09-03T22:42:39.189Z] >>> [apiv2][query] GET https://cloudfunctions.googleapis.com/v2/projects/shadow-mma/locations/us-central1/operations/operation-1756939358987-63ded526265e0-46222a3a-a7a19594 [none]
[debug] [2025-09-03T22:42:39.926Z] <<< [apiv2][status] GET https://cloudfunctions.googleapis.com/v2/projects/shadow-mma/locations/us-central1/operations/operation-1756939358987-63ded526265e0-46222a3a-a7a19594 200
[debug] [2025-09-03T22:42:39.926Z] <<< [apiv2][body] GET https://cloudfunctions.googleapis.com/v2/projects/shadow-mma/locations/us-central1/operations/operation-1756939358987-63ded526265e0-46222a3a-a7a19594 {"name":"projects/shadow-mma/locations/us-central1/operations/operation-1756939358987-63ded526265e0-46222a3a-a7a19594","metadata":{"@type":"type.googleapis.com/google.cloud.functions.v2.OperationMetadata","createTime":"2025-09-03T22:42:40.104216188Z","target":"projects/shadow-mma/locations/us-central1/functions/getUserData","verb":"update","cancelRequested":false,"apiVersion":"v2","requestResource":{"@type":"type.googleapis.com/google.cloud.functions.v2.Function","name":"projects/shadow-mma/locations/us-central1/functions/getUserData","buildConfig":{"runtime":"nodejs22","entryPoint":"getUserData","source":{"storageSource":{"bucket":"gcf-v2-sources-346044500443-us-central1","object":"getUserData/function-source.zip","generation":"1756939360019506"}},"environmentVariables":{"GOOGLE_NODE_RUN_SCRIPTS":""},"dockerRepository":"projects/shadow-mma/locations/us-central1/repositories/gcf-artifacts","sourceProvenance":{"resolvedStorageSource":{"bucket":"gcf-v2-sources-346044500443-us-central1","object":"getUserData/function-source.zip","generation":"1756816758482343"}},"dockerRegistry":"ARTIFACT_REGISTRY","serviceAccount":"projects/shadow-mma/serviceAccounts/346044500443-compute@developer.gserviceaccount.com","automaticUpdatePolicy":{}},"serviceConfig":{"service":"projects/shadow-mma/locations/us-central1/services/getuserdata","timeoutSeconds":60,"environmentVariables":{"FIREBASE_CONFIG":"{\"projectId\":\"shadow-mma\",\"storageBucket\":\"shadow-mma.firebasestorage.app\"}","GCLOUD_PROJECT":"shadow-mma","EVENTARC_CLOUD_EVENT_SOURCE":"projects/shadow-mma/locations/us-central1/services/getUserData","FUNCTION_TARGET":"getUserData","LOG_EXECUTION_ID":"true","FUNCTION_SIGNATURE_TYPE":"http"},"maxInstanceCount":10,"ingressSettings":"ALLOW_ALL","uri":"https://getuserdata-c7qxyy2ypq-uc.a.run.app","serviceAccountEmail":"346044500443-compute@developer.gserviceaccount.com","availableMemory":"256Mi","allTrafficOnLatestRevision":true,"revision":"getuserdata-00019-xas","maxInstanceRequestConcurrency":80,"availableCpu":"1"},"state":"ACTIVE","labels":{"deployment-tool":"cli-firebase","firebase-functions-hash":"f65b7a917987e7c0f2141c8713f1cba8843c4a57"},"environment":"GEN_2","url":"https://us-central1-shadow-mma.cloudfunctions.net/getUserData","satisfiesPzi":true},"stages":[{"name":"BUILD","state":"NOT_STARTED"},{"name":"SERVICE","state":"NOT_STARTED"}],"operationType":"UPDATE_FUNCTION"},"done":false}
[debug] [2025-09-03T22:42:40.430Z] [update-default-us-central1-getUserData] Retrying task index 0
[debug] [2025-09-03T22:42:40.430Z] Checked if tokens are valid: true, expires at: 1756942781542
[debug] [2025-09-03T22:42:40.430Z] Checked if tokens are valid: true, expires at: 1756942781542
[debug] [2025-09-03T22:42:40.430Z] >>> [apiv2][query] GET https://cloudfunctions.googleapis.com/v2/projects/shadow-mma/locations/us-central1/operations/operation-1756939358987-63ded526265e0-46222a3a-a7a19594 [none]
[debug] [2025-09-03T22:42:41.157Z] <<< [apiv2][status] GET https://cloudfunctions.googleapis.com/v2/projects/shadow-mma/locations/us-central1/operations/operation-1756939358987-63ded526265e0-46222a3a-a7a19594 200
[debug] [2025-09-03T22:42:41.157Z] <<< [apiv2][body] GET https://cloudfunctions.googleapis.com/v2/projects/shadow-mma/locations/us-central1/operations/operation-1756939358987-63ded526265e0-46222a3a-a7a19594 {"name":"projects/shadow-mma/locations/us-central1/operations/operation-1756939358987-63ded526265e0-46222a3a-a7a19594","metadata":{"@type":"type.googleapis.com/google.cloud.functions.v2.OperationMetadata","createTime":"2025-09-03T22:42:40.104216188Z","target":"projects/shadow-mma/locations/us-central1/functions/getUserData","verb":"update","cancelRequested":false,"apiVersion":"v2","requestResource":{"@type":"type.googleapis.com/google.cloud.functions.v2.Function","name":"projects/shadow-mma/locations/us-central1/functions/getUserData","buildConfig":{"runtime":"nodejs22","entryPoint":"getUserData","source":{"storageSource":{"bucket":"gcf-v2-sources-346044500443-us-central1","object":"getUserData/function-source.zip","generation":"1756939360019506"}},"environmentVariables":{"GOOGLE_NODE_RUN_SCRIPTS":""},"dockerRepository":"projects/shadow-mma/locations/us-central1/repositories/gcf-artifacts","sourceProvenance":{"resolvedStorageSource":{"bucket":"gcf-v2-sources-346044500443-us-central1","object":"getUserData/function-source.zip","generation":"1756816758482343"}},"dockerRegistry":"ARTIFACT_REGISTRY","serviceAccount":"projects/shadow-mma/serviceAccounts/346044500443-compute@developer.gserviceaccount.com","automaticUpdatePolicy":{}},"serviceConfig":{"service":"projects/shadow-mma/locations/us-central1/services/getuserdata","timeoutSeconds":60,"environmentVariables":{"FIREBASE_CONFIG":"{\"projectId\":\"shadow-mma\",\"storageBucket\":\"shadow-mma.firebasestorage.app\"}","GCLOUD_PROJECT":"shadow-mma","EVENTARC_CLOUD_EVENT_SOURCE":"projects/shadow-mma/locations/us-central1/services/getUserData","FUNCTION_TARGET":"getUserData","LOG_EXECUTION_ID":"true","FUNCTION_SIGNATURE_TYPE":"http"},"maxInstanceCount":10,"ingressSettings":"ALLOW_ALL","uri":"https://getuserdata-c7qxyy2ypq-uc.a.run.app","serviceAccountEmail":"346044500443-compute@developer.gserviceaccount.com","availableMemory":"256Mi","allTrafficOnLatestRevision":true,"revision":"getuserdata-00019-xas","maxInstanceRequestConcurrency":80,"availableCpu":"1"},"state":"ACTIVE","labels":{"deployment-tool":"cli-firebase","firebase-functions-hash":"f65b7a917987e7c0f2141c8713f1cba8843c4a57"},"environment":"GEN_2","url":"https://us-central1-shadow-mma.cloudfunctions.net/getUserData","satisfiesPzi":true},"stages":[{"name":"BUILD","message":"Build in progress","state":"IN_PROGRESS","resource":"projects/346044500443/locations/us-central1/builds/ae464182-d2ec-479a-94b3-f237f467e1e8","resourceUri":"https://console.cloud.google.com/cloud-build/builds;region=us-central1/ae464182-d2ec-479a-94b3-f237f467e1e8?project=346044500443"},{"name":"SERVICE","state":"NOT_STARTED"}],"operationType":"UPDATE_FUNCTION","buildName":"projects/346044500443/locations/us-central1/builds/ae464182-d2ec-479a-94b3-f237f467e1e8"},"done":false}
[debug] [2025-09-03T22:42:42.182Z] [update-default-us-central1-getUserData] Retrying task index 0
[debug] [2025-09-03T22:42:42.182Z] Checked if tokens are valid: true, expires at: 1756942781542
[debug] [2025-09-03T22:42:42.182Z] Checked if tokens are valid: true, expires at: 1756942781542
[debug] [2025-09-03T22:42:42.182Z] >>> [apiv2][query] GET https://cloudfunctions.googleapis.com/v2/projects/shadow-mma/locations/us-central1/operations/operation-1756939358987-63ded526265e0-46222a3a-a7a19594 [none]
[debug] [2025-09-03T22:42:42.908Z] <<< [apiv2][status] GET https://cloudfunctions.googleapis.com/v2/projects/shadow-mma/locations/us-central1/operations/operation-1756939358987-63ded526265e0-46222a3a-a7a19594 200
[debug] [2025-09-03T22:42:42.908Z] <<< [apiv2][body] GET https://cloudfunctions.googleapis.com/v2/projects/shadow-mma/locations/us-central1/operations/operation-1756939358987-63ded526265e0-46222a3a-a7a19594 {"name":"projects/shadow-mma/locations/us-central1/operations/operation-1756939358987-63ded526265e0-46222a3a-a7a19594","metadata":{"@type":"type.googleapis.com/google.cloud.functions.v2.OperationMetadata","createTime":"2025-09-03T22:42:40.104216188Z","target":"projects/shadow-mma/locations/us-central1/functions/getUserData","verb":"update","cancelRequested":false,"apiVersion":"v2","requestResource":{"@type":"type.googleapis.com/google.cloud.functions.v2.Function","name":"projects/shadow-mma/locations/us-central1/functions/getUserData","buildConfig":{"runtime":"nodejs22","entryPoint":"getUserData","source":{"storageSource":{"bucket":"gcf-v2-sources-346044500443-us-central1","object":"getUserData/function-source.zip","generation":"1756939360019506"}},"environmentVariables":{"GOOGLE_NODE_RUN_SCRIPTS":""},"dockerRepository":"projects/shadow-mma/locations/us-central1/repositories/gcf-artifacts","sourceProvenance":{"resolvedStorageSource":{"bucket":"gcf-v2-sources-346044500443-us-central1","object":"getUserData/function-source.zip","generation":"1756816758482343"}},"dockerRegistry":"ARTIFACT_REGISTRY","serviceAccount":"projects/shadow-mma/serviceAccounts/346044500443-compute@developer.gserviceaccount.com","automaticUpdatePolicy":{}},"serviceConfig":{"service":"projects/shadow-mma/locations/us-central1/services/getuserdata","timeoutSeconds":60,"environmentVariables":{"FIREBASE_CONFIG":"{\"projectId\":\"shadow-mma\",\"storageBucket\":\"shadow-mma.firebasestorage.app\"}","GCLOUD_PROJECT":"shadow-mma","EVENTARC_CLOUD_EVENT_SOURCE":"projects/shadow-mma/locations/us-central1/services/getUserData","FUNCTION_TARGET":"getUserData","LOG_EXECUTION_ID":"true","FUNCTION_SIGNATURE_TYPE":"http"},"maxInstanceCount":10,"ingressSettings":"ALLOW_ALL","uri":"https://getuserdata-c7qxyy2ypq-uc.a.run.app","serviceAccountEmail":"346044500443-compute@developer.gserviceaccount.com","availableMemory":"256Mi","allTrafficOnLatestRevision":true,"revision":"getuserdata-00019-xas","maxInstanceRequestConcurrency":80,"availableCpu":"1"},"state":"ACTIVE","labels":{"deployment-tool":"cli-firebase","firebase-functions-hash":"f65b7a917987e7c0f2141c8713f1cba8843c4a57"},"environment":"GEN_2","url":"https://us-central1-shadow-mma.cloudfunctions.net/getUserData","satisfiesPzi":true},"stages":[{"name":"BUILD","message":"Build in progress","state":"IN_PROGRESS","resource":"projects/346044500443/locations/us-central1/builds/ae464182-d2ec-479a-94b3-f237f467e1e8","resourceUri":"https://console.cloud.google.com/cloud-build/builds;region=us-central1/ae464182-d2ec-479a-94b3-f237f467e1e8?project=346044500443"},{"name":"SERVICE","state":"NOT_STARTED"}],"operationType":"UPDATE_FUNCTION","buildName":"projects/346044500443/locations/us-central1/builds/ae464182-d2ec-479a-94b3-f237f467e1e8"},"done":false}
